2026-04-20 11:45:40,723 [m7a_runner] INFO === task: main, timeout: 900s ===
2026-04-20 11:45:40,729 [uu_accel] INFO starting UU accelerator: D:\2_Software\4_Games\Netease\UU\uu_launcher.exe
2026-04-20 11:45:46,120 [uu_accel] INFO UU accelerator started
2026-04-20 11:45:46,624 [uu_accel] INFO UU window focused: UU加速器
2026-04-20 11:45:47,181 [uu_accel] INFO mouse moved to (844, 702)
2026-04-20 11:45:47,181 [uu_accel] INFO waiting 0.5s before second step
2026-04-20 11:45:47,978 [uu_accel] INFO clicked at (840, 734)
2026-04-20 11:45:47,978 [uu_accel] INFO waiting 20s for acceleration to take effect
2026-04-20 11:46:08,112 [uu_accel] INFO acceleration confirmed at (933, 693)
2026-04-20 11:46:08,112 [uu_accel] INFO UU startup chain completed
2026-04-20 11:46:08,113 [m7a_runner] INFO launching M7A: D:\2_Software\4_Games\StarRail\Auto\March7thAssistant_full\March7th Assistant.exe main -e
2026-04-20 11:46:08,169 [m7a_runner] INFO M7A started (pid=6516)
2026-04-20 11:46:08,170 [m7a_runner] INFO watchdog started: timeout=900s, grace=60s
2026-04-20 11:46:38,171 [m7a_runner] INFO M7A exited with code 2
2026-04-20 11:46:38,171 [m7a_runner] INFO === finished with code 1 ===
2026-04-20 11:54:20,276 [m7a_runner] INFO === task: main, timeout: 900s ===
2026-04-20 11:54:20,284 [uu_accel] INFO starting UU accelerator: D:\2_Software\4_Games\Netease\UU\uu_launcher.exe
2026-04-20 11:54:25,300 [uu_accel] INFO UU accelerator started
2026-04-20 11:54:25,804 [uu_accel] INFO UU window focused: UU加速器
2026-04-20 11:54:25,804 [uu_accel] INFO waiting 3.00s before polling uu_01.png
2026-04-20 11:54:28,805 [uu_accel] INFO polling uu_01.png every 0.25s for up to 10.0s
2026-04-20 11:54:29,354 [uu_accel] INFO mouse moved to (844, 702)
2026-04-20 11:54:29,354 [uu_accel] INFO waiting 0.5s before second step
2026-04-20 11:54:29,856 [uu_accel] INFO polling uu_02.png every 0.25s for up to 5.0s
2026-04-20 11:54:30,073 [uu_accel] INFO clicked at (840, 734)
2026-04-20 11:54:30,073 [uu_accel] INFO waiting 20s for acceleration to take effect
2026-04-20 11:54:50,187 [uu_accel] INFO acceleration confirmed at (933, 693)
2026-04-20 11:54:50,187 [uu_accel] INFO UU startup chain completed
2026-04-20 11:54:50,187 [m7a_runner] INFO launching M7A: D:\2_Software\4_Games\StarRail\Auto\March7thAssistant_full\March7th Launcher.exe main -e
2026-04-20 11:54:50,212 [m7a_runner] INFO M7A started (pid=20984)
2026-04-20 11:54:50,212 [m7a_runner] INFO watchdog started: timeout=900s, grace=60s
